{"C:\\Users\\imang\\WebstormProjects\\softtestweb\\src\\comment_assignment\\app.js": {"path":"C:\\Users\\imang\\WebstormProjects\\softtestweb\\src\\comment_assignment\\app.js","statementMap":{"0":{"start":{"line":1,"column":16},"end":{"line":1,"column":34}},"1":{"start":{"line":2,"column":13},"end":{"line":2,"column":28}},"2":{"start":{"line":3,"column":21},"end":{"line":3,"column":45}},"3":{"start":{"line":4,"column":15},"end":{"line":4,"column":32}},"4":{"start":{"line":6,"column":22},"end":{"line":6,"column":50}},"5":{"start":{"line":8,"column":12},"end":{"line":8,"column":21}},"6":{"start":{"line":10,"column":0},"end":{"line":10,"column":23}},"7":{"start":{"line":11,"column":0},"end":{"line":11,"column":24}},"8":{"start":{"line":12,"column":0},"end":{"line":12,"column":49}},"9":{"start":{"line":13,"column":0},"end":{"line":13,"column":24}},"10":{"start":{"line":14,"column":0},"end":{"line":14,"column":56}},"11":{"start":{"line":16,"column":0},"end":{"line":16,"column":40}},"12":{"start":{"line":18,"column":0},"end":{"line":18,"column":21}}},"fnMap":{},"branchMap":{},"s":{"0":1,"1":1,"2":1,"3":1,"4":1,"5":1,"6":1,"7":1,"8":1,"9":1,"10":1,"11":1,"12":1},"f":{},"b":{},"_coverageSchema":"1a1c01bbd47fc00a2c39e90264f33305004495a9","hash":"12c1a65134fcd96d29bde8e1d224d5551ca6f6a6"}
,"C:\\Users\\imang\\WebstormProjects\\softtestweb\\src\\comment_assignment\\db.js": {"path":"C:\\Users\\imang\\WebstormProjects\\softtestweb\\src\\comment_assignment\\db.js","statementMap":{"0":{"start":{"line":1,"column":17},"end":{"line":1,"column":30}},"1":{"start":{"line":2,"column":0},"end":{"line":2,"column":27}},"2":{"start":{"line":4,"column":13},"end":{"line":10,"column":2}},"3":{"start":{"line":12,"column":0},"end":{"line":15,"column":2}},"4":{"start":{"line":13,"column":29},"end":{"line":13,"column":53}}},"fnMap":{"0":{"name":"(anonymous_0)","decl":{"start":{"line":13,"column":11},"end":{"line":13,"column":12}},"loc":{"start":{"line":13,"column":29},"end":{"line":13,"column":53}},"line":13}},"branchMap":{"0":{"loc":{"start":{"line":5,"column":10},"end":{"line":5,"column":43}},"type":"binary-expr","locations":[{"start":{"line":5,"column":10},"end":{"line":5,"column":29}},{"start":{"line":5,"column":33},"end":{"line":5,"column":43}}],"line":5},"1":{"loc":{"start":{"line":6,"column":10},"end":{"line":6,"column":44}},"type":"binary-expr","locations":[{"start":{"line":6,"column":10},"end":{"line":6,"column":29}},{"start":{"line":6,"column":33},"end":{"line":6,"column":44}}],"line":6},"2":{"loc":{"start":{"line":7,"column":14},"end":{"line":7,"column":51}},"type":"binary-expr","locations":[{"start":{"line":7,"column":14},"end":{"line":7,"column":33}},{"start":{"line":7,"column":37},"end":{"line":7,"column":51}}],"line":7},"3":{"loc":{"start":{"line":8,"column":14},"end":{"line":8,"column":51}},"type":"binary-expr","locations":[{"start":{"line":8,"column":14},"end":{"line":8,"column":37}},{"start":{"line":8,"column":41},"end":{"line":8,"column":51}}],"line":8},"4":{"loc":{"start":{"line":9,"column":10},"end":{"line":9,"column":37}},"type":"binary-expr","locations":[{"start":{"line":9,"column":10},"end":{"line":9,"column":29}},{"start":{"line":9,"column":33},"end":{"line":9,"column":37}}],"line":9}},"s":{"0":1,"1":1,"2":1,"3":1,"4":0},"f":{"0":0},"b":{"0":[1,0],"1":[1,0],"2":[1,0],"3":[1,0],"4":[1,0]},"_coverageSchema":"1a1c01bbd47fc00a2c39e90264f33305004495a9","hash":"0f2ab04e3aaee166ad3b0b78a211a94e5b11f799"}
,"C:\\Users\\imang\\WebstormProjects\\softtestweb\\src\\comment_assignment\\routes\\comments.js": {"path":"C:\\Users\\imang\\WebstormProjects\\softtestweb\\src\\comment_assignment\\routes\\comments.js","statementMap":{"0":{"start":{"line":1,"column":16},"end":{"line":1,"column":34}},"1":{"start":{"line":2,"column":15},"end":{"line":2,"column":31}},"2":{"start":{"line":3,"column":11},"end":{"line":3,"column":27}},"3":{"start":{"line":6,"column":0},"end":{"line":13,"column":3}},"4":{"start":{"line":7,"column":4},"end":{"line":12,"column":5}},"5":{"start":{"line":8,"column":23},"end":{"line":8,"column":88}},"6":{"start":{"line":9,"column":8},"end":{"line":9,"column":30}},"7":{"start":{"line":11,"column":8},"end":{"line":11,"column":53}},"8":{"start":{"line":16,"column":0},"end":{"line":26,"column":3}},"9":{"start":{"line":17,"column":4},"end":{"line":25,"column":5}},"10":{"start":{"line":18,"column":23},"end":{"line":18,"column":94}},"11":{"start":{"line":19,"column":8},"end":{"line":21,"column":9}},"12":{"start":{"line":20,"column":12},"end":{"line":20,"column":72}},"13":{"start":{"line":22,"column":8},"end":{"line":22,"column":33}},"14":{"start":{"line":24,"column":8},"end":{"line":24,"column":53}},"15":{"start":{"line":29,"column":0},"end":{"line":43,"column":3}},"16":{"start":{"line":30,"column":41},"end":{"line":30,"column":49}},"17":{"start":{"line":31,"column":4},"end":{"line":33,"column":5}},"18":{"start":{"line":32,"column":8},"end":{"line":32,"column":74}},"19":{"start":{"line":34,"column":4},"end":{"line":42,"column":5}},"20":{"start":{"line":35,"column":23},"end":{"line":38,"column":9}},"21":{"start":{"line":39,"column":8},"end":{"line":39,"column":45}},"22":{"start":{"line":41,"column":8},"end":{"line":41,"column":53}},"23":{"start":{"line":46,"column":0},"end":{"line":63,"column":3}},"24":{"start":{"line":47,"column":24},"end":{"line":47,"column":32}},"25":{"start":{"line":48,"column":4},"end":{"line":50,"column":5}},"26":{"start":{"line":49,"column":8},"end":{"line":49,"column":72}},"27":{"start":{"line":51,"column":4},"end":{"line":62,"column":5}},"28":{"start":{"line":52,"column":23},"end":{"line":55,"column":9}},"29":{"start":{"line":56,"column":8},"end":{"line":58,"column":9}},"30":{"start":{"line":57,"column":12},"end":{"line":57,"column":72}},"31":{"start":{"line":59,"column":8},"end":{"line":59,"column":33}},"32":{"start":{"line":61,"column":8},"end":{"line":61,"column":53}},"33":{"start":{"line":66,"column":0},"end":{"line":76,"column":3}},"34":{"start":{"line":67,"column":4},"end":{"line":75,"column":5}},"35":{"start":{"line":68,"column":23},"end":{"line":68,"column":104}},"36":{"start":{"line":69,"column":8},"end":{"line":71,"column":9}},"37":{"start":{"line":70,"column":12},"end":{"line":70,"column":72}},"38":{"start":{"line":72,"column":8},"end":{"line":72,"column":62}},"39":{"start":{"line":74,"column":8},"end":{"line":74,"column":53}},"40":{"start":{"line":78,"column":0},"end":{"line":78,"column":24}}},"fnMap":{"0":{"name":"(anonymous_0)","decl":{"start":{"line":6,"column":16},"end":{"line":6,"column":17}},"loc":{"start":{"line":6,"column":36},"end":{"line":13,"column":1}},"line":6},"1":{"name":"(anonymous_1)","decl":{"start":{"line":16,"column":19},"end":{"line":16,"column":20}},"loc":{"start":{"line":16,"column":39},"end":{"line":26,"column":1}},"line":16},"2":{"name":"(anonymous_2)","decl":{"start":{"line":29,"column":17},"end":{"line":29,"column":18}},"loc":{"start":{"line":29,"column":37},"end":{"line":43,"column":1}},"line":29},"3":{"name":"(anonymous_3)","decl":{"start":{"line":46,"column":19},"end":{"line":46,"column":20}},"loc":{"start":{"line":46,"column":39},"end":{"line":63,"column":1}},"line":46},"4":{"name":"(anonymous_4)","decl":{"start":{"line":66,"column":22},"end":{"line":66,"column":23}},"loc":{"start":{"line":66,"column":42},"end":{"line":76,"column":1}},"line":66}},"branchMap":{"0":{"loc":{"start":{"line":19,"column":8},"end":{"line":21,"column":9}},"type":"if","locations":[{"start":{"line":19,"column":8},"end":{"line":21,"column":9}},{"start":{},"end":{}}],"line":19},"1":{"loc":{"start":{"line":31,"column":4},"end":{"line":33,"column":5}},"type":"if","locations":[{"start":{"line":31,"column":4},"end":{"line":33,"column":5}},{"start":{},"end":{}}],"line":31},"2":{"loc":{"start":{"line":31,"column":8},"end":{"line":31,"column":39}},"type":"binary-expr","locations":[{"start":{"line":31,"column":8},"end":{"line":31,"column":16}},{"start":{"line":31,"column":20},"end":{"line":31,"column":27}},{"start":{"line":31,"column":31},"end":{"line":31,"column":39}}],"line":31},"3":{"loc":{"start":{"line":48,"column":4},"end":{"line":50,"column":5}},"type":"if","locations":[{"start":{"line":48,"column":4},"end":{"line":50,"column":5}},{"start":{},"end":{}}],"line":48},"4":{"loc":{"start":{"line":56,"column":8},"end":{"line":58,"column":9}},"type":"if","locations":[{"start":{"line":56,"column":8},"end":{"line":58,"column":9}},{"start":{},"end":{}}],"line":56},"5":{"loc":{"start":{"line":69,"column":8},"end":{"line":71,"column":9}},"type":"if","locations":[{"start":{"line":69,"column":8},"end":{"line":71,"column":9}},{"start":{},"end":{}}],"line":69}},"s":{"0":1,"1":1,"2":1,"3":1,"4":2,"5":2,"6":1,"7":1,"8":1,"9":2,"10":2,"11":2,"12":1,"13":1,"14":0,"15":1,"16":3,"17":3,"18":1,"19":2,"20":2,"21":1,"22":1,"23":1,"24":2,"25":2,"26":0,"27":2,"28":2,"29":2,"30":1,"31":1,"32":0,"33":1,"34":2,"35":2,"36":2,"37":1,"38":1,"39":0,"40":1},"f":{"0":2,"1":2,"2":3,"3":2,"4":2},"b":{"0":[1,1],"1":[1,2],"2":[3,2,2],"3":[0,2],"4":[1,1],"5":[1,1]},"_coverageSchema":"1a1c01bbd47fc00a2c39e90264f33305004495a9","hash":"abcea04345f04d66859536c184d6f7aa89d01e0e"}
}
