TN:
SF:src\comment_assignment\app.js
FNF:0
FNH:0
DA:1,1
DA:2,1
DA:3,1
DA:4,1
DA:6,1
DA:8,1
DA:10,1
DA:11,1
DA:12,1
DA:13,1
DA:14,1
DA:16,1
DA:18,1
LF:13
LH:13
BRF:0
BRH:0
end_of_record
TN:
SF:src\comment_assignment\db.js
FN:13,(anonymous_0)
FNF:1
FNH:0
FNDA:0,(anonymous_0)
DA:1,1
DA:2,1
DA:4,1
DA:12,1
DA:13,0
LF:5
LH:4
BRDA:5,0,0,1
BRDA:5,0,1,0
BRDA:6,1,0,1
BRDA:6,1,1,0
BRDA:7,2,0,1
BRDA:7,2,1,0
BRDA:8,3,0,1
BRDA:8,3,1,0
BRDA:9,4,0,1
BRDA:9,4,1,0
BRF:10
BRH:5
end_of_record
TN:
SF:src\comment_assignment\routes\comments.js
FN:6,(anonymous_0)
FN:16,(anonymous_1)
FN:29,(anonymous_2)
FN:46,(anonymous_3)
FN:66,(anonymous_4)
FNF:5
FNH:5
FNDA:2,(anonymous_0)
FNDA:2,(anonymous_1)
FNDA:3,(anonymous_2)
FNDA:2,(anonymous_3)
FNDA:2,(anonymous_4)
DA:1,1
DA:2,1
DA:3,1
DA:6,1
DA:7,2
DA:8,2
DA:9,1
DA:11,1
DA:16,1
DA:17,2
DA:18,2
DA:19,2
DA:20,1
DA:22,1
DA:24,0
DA:29,1
DA:30,3
DA:31,3
DA:32,1
DA:34,2
DA:35,2
DA:39,1
DA:41,1
DA:46,1
DA:47,2
DA:48,2
DA:49,0
DA:51,2
DA:52,2
DA:56,2
DA:57,1
DA:59,1
DA:61,0
DA:66,1
DA:67,2
DA:68,2
DA:69,2
DA:70,1
DA:72,1
DA:74,0
DA:78,1
LF:41
LH:37
BRDA:19,0,0,1
BRDA:19,0,1,1
BRDA:31,1,0,1
BRDA:31,1,1,2
BRDA:31,2,0,3
BRDA:31,2,1,2
BRDA:31,2,2,2
BRDA:48,3,0,0
BRDA:48,3,1,2
BRDA:56,4,0,1
BRDA:56,4,1,1
BRDA:69,5,0,1
BRDA:69,5,1,1
BRF:13
BRH:12
end_of_record
