{"C:\\Users\\imang\\WebstormProjects\\softtestweb\\src\\assignment2\\app.js": {"path":"C:\\Users\\imang\\WebstormProjects\\softtestweb\\src\\assignment2\\app.js","statementMap":{"0":{"start":{"line":1,"column":16},"end":{"line":1,"column":34}},"1":{"start":{"line":2,"column":12},"end":{"line":2,"column":21}},"2":{"start":{"line":3,"column":22},"end":{"line":3,"column":50}},"3":{"start":{"line":4,"column":21},"end":{"line":4,"column":48}},"4":{"start":{"line":5,"column":25},"end":{"line":5,"column":56}},"5":{"start":{"line":7,"column":0},"end":{"line":7,"column":24}},"6":{"start":{"line":9,"column":0},"end":{"line":11,"column":3}},"7":{"start":{"line":10,"column":4},"end":{"line":10,"column":50}},"8":{"start":{"line":13,"column":0},"end":{"line":13,"column":40}},"9":{"start":{"line":14,"column":0},"end":{"line":14,"column":38}},"10":{"start":{"line":15,"column":0},"end":{"line":15,"column":46}},"11":{"start":{"line":18,"column":0},"end":{"line":21,"column":3}},"12":{"start":{"line":19,"column":4},"end":{"line":19,"column":29}},"13":{"start":{"line":20,"column":4},"end":{"line":20,"column":61}},"14":{"start":{"line":23,"column":13},"end":{"line":23,"column":37}},"15":{"start":{"line":24,"column":0},"end":{"line":28,"column":1}},"16":{"start":{"line":25,"column":4},"end":{"line":27,"column":7}},"17":{"start":{"line":26,"column":8},"end":{"line":26,"column":57}},"18":{"start":{"line":30,"column":0},"end":{"line":30,"column":21}}},"fnMap":{"0":{"name":"(anonymous_0)","decl":{"start":{"line":9,"column":13},"end":{"line":9,"column":14}},"loc":{"start":{"line":9,"column":27},"end":{"line":11,"column":1}},"line":9},"1":{"name":"(anonymous_1)","decl":{"start":{"line":18,"column":8},"end":{"line":18,"column":9}},"loc":{"start":{"line":18,"column":33},"end":{"line":21,"column":1}},"line":18},"2":{"name":"(anonymous_2)","decl":{"start":{"line":25,"column":21},"end":{"line":25,"column":22}},"loc":{"start":{"line":25,"column":27},"end":{"line":27,"column":5}},"line":25}},"branchMap":{"0":{"loc":{"start":{"line":23,"column":13},"end":{"line":23,"column":37}},"type":"binary-expr","locations":[{"start":{"line":23,"column":13},"end":{"line":23,"column":29}},{"start":{"line":23,"column":33},"end":{"line":23,"column":37}}],"line":23},"1":{"loc":{"start":{"line":24,"column":0},"end":{"line":28,"column":1}},"type":"if","locations":[{"start":{"line":24,"column":0},"end":{"line":28,"column":1}},{"start":{},"end":{}}],"line":24}},"s":{"0":1,"1":1,"2":1,"3":1,"4":1,"5":1,"6":1,"7":0,"8":1,"9":1,"10":1,"11":1,"12":0,"13":0,"14":1,"15":1,"16":0,"17":0,"18":1},"f":{"0":0,"1":0,"2":0},"b":{"0":[1,1],"1":[0,1]},"_coverageSchema":"1a1c01bbd47fc00a2c39e90264f33305004495a9","hash":"838ba77bf2c219ab246601732d35ae5372a14710"}
,"C:\\Users\\imang\\WebstormProjects\\softtestweb\\src\\assignment2\\db.js": {"path":"C:\\Users\\imang\\WebstormProjects\\softtestweb\\src\\assignment2\\db.js","statementMap":{"0":{"start":{"line":1,"column":17},"end":{"line":1,"column":30}},"1":{"start":{"line":2,"column":0},"end":{"line":2,"column":27}},"2":{"start":{"line":4,"column":13},"end":{"line":10,"column":2}},"3":{"start":{"line":12,"column":0},"end":{"line":15,"column":2}},"4":{"start":{"line":13,"column":29},"end":{"line":13,"column":53}}},"fnMap":{"0":{"name":"(anonymous_0)","decl":{"start":{"line":13,"column":11},"end":{"line":13,"column":12}},"loc":{"start":{"line":13,"column":29},"end":{"line":13,"column":53}},"line":13}},"branchMap":{"0":{"loc":{"start":{"line":5,"column":10},"end":{"line":5,"column":43}},"type":"binary-expr","locations":[{"start":{"line":5,"column":10},"end":{"line":5,"column":29}},{"start":{"line":5,"column":33},"end":{"line":5,"column":43}}],"line":5},"1":{"loc":{"start":{"line":6,"column":10},"end":{"line":6,"column":44}},"type":"binary-expr","locations":[{"start":{"line":6,"column":10},"end":{"line":6,"column":29}},{"start":{"line":6,"column":33},"end":{"line":6,"column":44}}],"line":6},"2":{"loc":{"start":{"line":7,"column":14},"end":{"line":7,"column":57}},"type":"binary-expr","locations":[{"start":{"line":7,"column":14},"end":{"line":7,"column":33}},{"start":{"line":7,"column":37},"end":{"line":7,"column":57}}],"line":7},"3":{"loc":{"start":{"line":8,"column":14},"end":{"line":8,"column":90}},"type":"cond-expr","locations":[{"start":{"line":8,"column":54},"end":{"line":8,"column":77}},{"start":{"line":8,"column":80},"end":{"line":8,"column":90}}],"line":8},"4":{"loc":{"start":{"line":9,"column":10},"end":{"line":9,"column":37}},"type":"binary-expr","locations":[{"start":{"line":9,"column":10},"end":{"line":9,"column":29}},{"start":{"line":9,"column":33},"end":{"line":9,"column":37}}],"line":9}},"s":{"0":1,"1":1,"2":1,"3":1,"4":0},"f":{"0":0},"b":{"0":[1,0],"1":[1,0],"2":[1,0],"3":[1,0],"4":[1,0]},"_coverageSchema":"1a1c01bbd47fc00a2c39e90264f33305004495a9","hash":"b5f50e5fb99636248b3263ea4ba0b86e5ad43b33"}
,"C:\\Users\\imang\\WebstormProjects\\softtestweb\\src\\assignment2\\routes\\courses.js": {"path":"C:\\Users\\imang\\WebstormProjects\\softtestweb\\src\\assignment2\\routes\\courses.js","statementMap":{"0":{"start":{"line":1,"column":16},"end":{"line":1,"column":34}},"1":{"start":{"line":2,"column":15},"end":{"line":2,"column":31}},"2":{"start":{"line":3,"column":11},"end":{"line":3,"column":27}},"3":{"start":{"line":6,"column":0},"end":{"line":23,"column":3}},"4":{"start":{"line":7,"column":54},"end":{"line":7,"column":62}},"5":{"start":{"line":8,"column":4},"end":{"line":10,"column":5}},"6":{"start":{"line":9,"column":8},"end":{"line":9,"column":105}},"7":{"start":{"line":11,"column":4},"end":{"line":13,"column":5}},"8":{"start":{"line":12,"column":8},"end":{"line":12,"column":86}},"9":{"start":{"line":14,"column":4},"end":{"line":22,"column":5}},"10":{"start":{"line":15,"column":23},"end":{"line":18,"column":9}},"11":{"start":{"line":19,"column":8},"end":{"line":19,"column":45}},"12":{"start":{"line":21,"column":8},"end":{"line":21,"column":53}},"13":{"start":{"line":26,"column":0},"end":{"line":33,"column":3}},"14":{"start":{"line":27,"column":4},"end":{"line":32,"column":5}},"15":{"start":{"line":28,"column":23},"end":{"line":28,"column":62}},"16":{"start":{"line":29,"column":8},"end":{"line":29,"column":30}},"17":{"start":{"line":31,"column":8},"end":{"line":31,"column":53}},"18":{"start":{"line":36,"column":0},"end":{"line":46,"column":3}},"19":{"start":{"line":37,"column":4},"end":{"line":45,"column":5}},"20":{"start":{"line":38,"column":23},"end":{"line":38,"column":93}},"21":{"start":{"line":39,"column":8},"end":{"line":41,"column":9}},"22":{"start":{"line":40,"column":12},"end":{"line":40,"column":71}},"23":{"start":{"line":42,"column":8},"end":{"line":42,"column":33}},"24":{"start":{"line":44,"column":8},"end":{"line":44,"column":53}},"25":{"start":{"line":49,"column":0},"end":{"line":69,"column":3}},"26":{"start":{"line":50,"column":54},"end":{"line":50,"column":62}},"27":{"start":{"line":51,"column":4},"end":{"line":53,"column":5}},"28":{"start":{"line":52,"column":8},"end":{"line":52,"column":105}},"29":{"start":{"line":54,"column":4},"end":{"line":56,"column":5}},"30":{"start":{"line":55,"column":8},"end":{"line":55,"column":86}},"31":{"start":{"line":57,"column":4},"end":{"line":68,"column":5}},"32":{"start":{"line":58,"column":23},"end":{"line":61,"column":9}},"33":{"start":{"line":62,"column":8},"end":{"line":64,"column":9}},"34":{"start":{"line":63,"column":12},"end":{"line":63,"column":71}},"35":{"start":{"line":65,"column":8},"end":{"line":65,"column":33}},"36":{"start":{"line":67,"column":8},"end":{"line":67,"column":53}},"37":{"start":{"line":72,"column":0},"end":{"line":82,"column":3}},"38":{"start":{"line":73,"column":4},"end":{"line":81,"column":5}},"39":{"start":{"line":74,"column":23},"end":{"line":74,"column":103}},"40":{"start":{"line":75,"column":8},"end":{"line":77,"column":9}},"41":{"start":{"line":76,"column":12},"end":{"line":76,"column":71}},"42":{"start":{"line":78,"column":8},"end":{"line":78,"column":61}},"43":{"start":{"line":80,"column":8},"end":{"line":80,"column":53}},"44":{"start":{"line":84,"column":0},"end":{"line":84,"column":24}}},"fnMap":{"0":{"name":"(anonymous_0)","decl":{"start":{"line":6,"column":17},"end":{"line":6,"column":18}},"loc":{"start":{"line":6,"column":37},"end":{"line":23,"column":1}},"line":6},"1":{"name":"(anonymous_1)","decl":{"start":{"line":26,"column":16},"end":{"line":26,"column":17}},"loc":{"start":{"line":26,"column":36},"end":{"line":33,"column":1}},"line":26},"2":{"name":"(anonymous_2)","decl":{"start":{"line":36,"column":19},"end":{"line":36,"column":20}},"loc":{"start":{"line":36,"column":39},"end":{"line":46,"column":1}},"line":36},"3":{"name":"(anonymous_3)","decl":{"start":{"line":49,"column":19},"end":{"line":49,"column":20}},"loc":{"start":{"line":49,"column":39},"end":{"line":69,"column":1}},"line":49},"4":{"name":"(anonymous_4)","decl":{"start":{"line":72,"column":22},"end":{"line":72,"column":23}},"loc":{"start":{"line":72,"column":42},"end":{"line":82,"column":1}},"line":72}},"branchMap":{"0":{"loc":{"start":{"line":8,"column":4},"end":{"line":10,"column":5}},"type":"if","locations":[{"start":{"line":8,"column":4},"end":{"line":10,"column":5}},{"start":{},"end":{}}],"line":8},"1":{"loc":{"start":{"line":8,"column":8},"end":{"line":8,"column":52}},"type":"binary-expr","locations":[{"start":{"line":8,"column":8},"end":{"line":8,"column":20}},{"start":{"line":8,"column":24},"end":{"line":8,"column":35}},{"start":{"line":8,"column":39},"end":{"line":8,"column":52}}],"line":8},"2":{"loc":{"start":{"line":11,"column":4},"end":{"line":13,"column":5}},"type":"if","locations":[{"start":{"line":11,"column":4},"end":{"line":13,"column":5}},{"start":{},"end":{}}],"line":11},"3":{"loc":{"start":{"line":39,"column":8},"end":{"line":41,"column":9}},"type":"if","locations":[{"start":{"line":39,"column":8},"end":{"line":41,"column":9}},{"start":{},"end":{}}],"line":39},"4":{"loc":{"start":{"line":51,"column":4},"end":{"line":53,"column":5}},"type":"if","locations":[{"start":{"line":51,"column":4},"end":{"line":53,"column":5}},{"start":{},"end":{}}],"line":51},"5":{"loc":{"start":{"line":51,"column":8},"end":{"line":51,"column":52}},"type":"binary-expr","locations":[{"start":{"line":51,"column":8},"end":{"line":51,"column":20}},{"start":{"line":51,"column":24},"end":{"line":51,"column":35}},{"start":{"line":51,"column":39},"end":{"line":51,"column":52}}],"line":51},"6":{"loc":{"start":{"line":54,"column":4},"end":{"line":56,"column":5}},"type":"if","locations":[{"start":{"line":54,"column":4},"end":{"line":56,"column":5}},{"start":{},"end":{}}],"line":54},"7":{"loc":{"start":{"line":62,"column":8},"end":{"line":64,"column":9}},"type":"if","locations":[{"start":{"line":62,"column":8},"end":{"line":64,"column":9}},{"start":{},"end":{}}],"line":62},"8":{"loc":{"start":{"line":75,"column":8},"end":{"line":77,"column":9}},"type":"if","locations":[{"start":{"line":75,"column":8},"end":{"line":77,"column":9}},{"start":{},"end":{}}],"line":75}},"s":{"0":1,"1":1,"2":1,"3":1,"4":4,"5":4,"6":2,"7":2,"8":1,"9":1,"10":1,"11":1,"12":0,"13":1,"14":1,"15":1,"16":1,"17":0,"18":1,"19":2,"20":2,"21":2,"22":1,"23":1,"24":0,"25":1,"26":1,"27":1,"28":0,"29":1,"30":0,"31":1,"32":1,"33":1,"34":0,"35":1,"36":0,"37":1,"38":1,"39":1,"40":1,"41":0,"42":1,"43":0,"44":1},"f":{"0":4,"1":1,"2":2,"3":1,"4":1},"b":{"0":[2,2],"1":[4,3,3],"2":[1,1],"3":[1,1],"4":[0,1],"5":[1,1,1],"6":[0,1],"7":[0,1],"8":[0,1]},"_coverageSchema":"1a1c01bbd47fc00a2c39e90264f33305004495a9","hash":"80283a3d41f1e3799c1f14f6b37fc875d3267a40"}
,"C:\\Users\\imang\\WebstormProjects\\softtestweb\\src\\assignment2\\routes\\enrollments.js": {"path":"C:\\Users\\imang\\WebstormProjects\\softtestweb\\src\\assignment2\\routes\\enrollments.js","statementMap":{"0":{"start":{"line":1,"column":16},"end":{"line":1,"column":34}},"1":{"start":{"line":2,"column":15},"end":{"line":2,"column":31}},"2":{"start":{"line":3,"column":11},"end":{"line":3,"column":27}},"3":{"start":{"line":6,"column":0},"end":{"line":26,"column":3}},"4":{"start":{"line":7,"column":38},"end":{"line":7,"column":46}},"5":{"start":{"line":8,"column":4},"end":{"line":10,"column":5}},"6":{"start":{"line":9,"column":8},"end":{"line":9,"column":88}},"7":{"start":{"line":11,"column":4},"end":{"line":25,"column":5}},"8":{"start":{"line":12,"column":23},"end":{"line":15,"column":9}},"9":{"start":{"line":16,"column":8},"end":{"line":16,"column":45}},"10":{"start":{"line":18,"column":8},"end":{"line":20,"column":9}},"11":{"start":{"line":19,"column":12},"end":{"line":19,"column":94}},"12":{"start":{"line":21,"column":8},"end":{"line":23,"column":9}},"13":{"start":{"line":22,"column":12},"end":{"line":22,"column":87}},"14":{"start":{"line":24,"column":8},"end":{"line":24,"column":53}},"15":{"start":{"line":29,"column":0},"end":{"line":57,"column":3}},"16":{"start":{"line":30,"column":82},"end":{"line":30,"column":90}},"17":{"start":{"line":32,"column":19},"end":{"line":32,"column":86}},"18":{"start":{"line":33,"column":4},"end":{"line":37,"column":5}},"19":{"start":{"line":34,"column":8},"end":{"line":36,"column":9}},"20":{"start":{"line":35,"column":12},"end":{"line":35,"column":87}},"21":{"start":{"line":39,"column":4},"end":{"line":56,"column":5}},"22":{"start":{"line":40,"column":23},"end":{"line":49,"column":9}},"23":{"start":{"line":50,"column":8},"end":{"line":52,"column":9}},"24":{"start":{"line":51,"column":12},"end":{"line":51,"column":75}},"25":{"start":{"line":53,"column":8},"end":{"line":53,"column":33}},"26":{"start":{"line":55,"column":8},"end":{"line":55,"column":53}},"27":{"start":{"line":60,"column":0},"end":{"line":83,"column":3}},"28":{"start":{"line":61,"column":4},"end":{"line":82,"column":5}},"29":{"start":{"line":62,"column":23},"end":{"line":62,"column":97}},"30":{"start":{"line":63,"column":8},"end":{"line":65,"column":9}},"31":{"start":{"line":64,"column":12},"end":{"line":64,"column":75}},"32":{"start":{"line":67,"column":27},"end":{"line":67,"column":41}},"33":{"start":{"line":68,"column":19},"end":{"line":68,"column":58}},"34":{"start":{"line":69,"column":19},"end":{"line":69,"column":58}},"35":{"start":{"line":70,"column":24},"end":{"line":70,"column":64}},"36":{"start":{"line":71,"column":22},"end":{"line":71,"column":60}},"37":{"start":{"line":72,"column":24},"end":{"line":72,"column":65}},"38":{"start":{"line":74,"column":27},"end":{"line":74,"column":107}},"39":{"start":{"line":76,"column":8},"end":{"line":79,"column":11}},"40":{"start":{"line":81,"column":8},"end":{"line":81,"column":53}},"41":{"start":{"line":86,"column":0},"end":{"line":99,"column":3}},"42":{"start":{"line":87,"column":4},"end":{"line":98,"column":5}},"43":{"start":{"line":88,"column":23},"end":{"line":94,"column":9}},"44":{"start":{"line":95,"column":8},"end":{"line":95,"column":30}},"45":{"start":{"line":97,"column":8},"end":{"line":97,"column":53}},"46":{"start":{"line":101,"column":0},"end":{"line":101,"column":24}}},"fnMap":{"0":{"name":"(anonymous_0)","decl":{"start":{"line":6,"column":17},"end":{"line":6,"column":18}},"loc":{"start":{"line":6,"column":37},"end":{"line":26,"column":1}},"line":6},"1":{"name":"(anonymous_1)","decl":{"start":{"line":29,"column":26},"end":{"line":29,"column":27}},"loc":{"start":{"line":29,"column":46},"end":{"line":57,"column":1}},"line":29},"2":{"name":"(anonymous_2)","decl":{"start":{"line":60,"column":31},"end":{"line":60,"column":32}},"loc":{"start":{"line":60,"column":51},"end":{"line":83,"column":1}},"line":60},"3":{"name":"(anonymous_3)","decl":{"start":{"line":86,"column":35},"end":{"line":86,"column":36}},"loc":{"start":{"line":86,"column":55},"end":{"line":99,"column":1}},"line":86}},"branchMap":{"0":{"loc":{"start":{"line":8,"column":4},"end":{"line":10,"column":5}},"type":"if","locations":[{"start":{"line":8,"column":4},"end":{"line":10,"column":5}},{"start":{},"end":{}}],"line":8},"1":{"loc":{"start":{"line":8,"column":8},"end":{"line":8,"column":33}},"type":"binary-expr","locations":[{"start":{"line":8,"column":8},"end":{"line":8,"column":19}},{"start":{"line":8,"column":23},"end":{"line":8,"column":33}}],"line":8},"2":{"loc":{"start":{"line":18,"column":8},"end":{"line":20,"column":9}},"type":"if","locations":[{"start":{"line":18,"column":8},"end":{"line":20,"column":9}},{"start":{},"end":{}}],"line":18},"3":{"loc":{"start":{"line":21,"column":8},"end":{"line":23,"column":9}},"type":"if","locations":[{"start":{"line":21,"column":8},"end":{"line":23,"column":9}},{"start":{},"end":{}}],"line":21},"4":{"loc":{"start":{"line":34,"column":8},"end":{"line":36,"column":9}},"type":"if","locations":[{"start":{"line":34,"column":8},"end":{"line":36,"column":9}},{"start":{},"end":{}}],"line":34},"5":{"loc":{"start":{"line":34,"column":12},"end":{"line":34,"column":61}},"type":"binary-expr","locations":[{"start":{"line":34,"column":12},"end":{"line":34,"column":31}},{"start":{"line":34,"column":36},"end":{"line":34,"column":45}},{"start":{"line":34,"column":49},"end":{"line":34,"column":60}}],"line":34},"6":{"loc":{"start":{"line":50,"column":8},"end":{"line":52,"column":9}},"type":"if","locations":[{"start":{"line":50,"column":8},"end":{"line":52,"column":9}},{"start":{},"end":{}}],"line":50},"7":{"loc":{"start":{"line":63,"column":8},"end":{"line":65,"column":9}},"type":"if","locations":[{"start":{"line":63,"column":8},"end":{"line":65,"column":9}},{"start":{},"end":{}}],"line":63},"8":{"loc":{"start":{"line":68,"column":19},"end":{"line":68,"column":58}},"type":"binary-expr","locations":[{"start":{"line":68,"column":19},"end":{"line":68,"column":53}},{"start":{"line":68,"column":57},"end":{"line":68,"column":58}}],"line":68},"9":{"loc":{"start":{"line":69,"column":19},"end":{"line":69,"column":58}},"type":"binary-expr","locations":[{"start":{"line":69,"column":19},"end":{"line":69,"column":53}},{"start":{"line":69,"column":57},"end":{"line":69,"column":58}}],"line":69},"10":{"loc":{"start":{"line":70,"column":24},"end":{"line":70,"column":64}},"type":"binary-expr","locations":[{"start":{"line":70,"column":24},"end":{"line":70,"column":59}},{"start":{"line":70,"column":63},"end":{"line":70,"column":64}}],"line":70},"11":{"loc":{"start":{"line":71,"column":22},"end":{"line":71,"column":60}},"type":"binary-expr","locations":[{"start":{"line":71,"column":22},"end":{"line":71,"column":55}},{"start":{"line":71,"column":59},"end":{"line":71,"column":60}}],"line":71},"12":{"loc":{"start":{"line":72,"column":24},"end":{"line":72,"column":65}},"type":"binary-expr","locations":[{"start":{"line":72,"column":24},"end":{"line":72,"column":60}},{"start":{"line":72,"column":64},"end":{"line":72,"column":65}}],"line":72}},"s":{"0":1,"1":1,"2":1,"3":1,"4":2,"5":2,"6":0,"7":2,"8":2,"9":1,"10":1,"11":0,"12":1,"13":1,"14":0,"15":1,"16":2,"17":2,"18":2,"19":6,"20":1,"21":1,"22":1,"23":1,"24":0,"25":1,"26":0,"27":1,"28":2,"29":2,"30":2,"31":0,"32":2,"33":2,"34":2,"35":2,"36":2,"37":2,"38":2,"39":2,"40":0,"41":1,"42":1,"43":1,"44":1,"45":0,"46":1},"f":{"0":2,"1":2,"2":2,"3":1},"b":{"0":[0,2],"1":[2,2],"2":[0,1],"3":[1,0],"4":[1,5],"5":[6,6,6],"6":[0,1],"7":[0,2],"8":[2,0],"9":[2,0],"10":[2,0],"11":[2,0],"12":[2,0]},"_coverageSchema":"1a1c01bbd47fc00a2c39e90264f33305004495a9","hash":"3ed40c7adcbbcc1c19cfeb044ca23f9b31494899"}
,"C:\\Users\\imang\\WebstormProjects\\softtestweb\\src\\assignment2\\routes\\students.js": {"path":"C:\\Users\\imang\\WebstormProjects\\softtestweb\\src\\assignment2\\routes\\students.js","statementMap":{"0":{"start":{"line":1,"column":16},"end":{"line":1,"column":34}},"1":{"start":{"line":2,"column":15},"end":{"line":2,"column":31}},"2":{"start":{"line":3,"column":11},"end":{"line":3,"column":27}},"3":{"start":{"line":6,"column":0},"end":{"line":23,"column":3}},"4":{"start":{"line":7,"column":28},"end":{"line":7,"column":36}},"5":{"start":{"line":8,"column":4},"end":{"line":10,"column":5}},"6":{"start":{"line":9,"column":8},"end":{"line":9,"column":78}},"7":{"start":{"line":11,"column":4},"end":{"line":22,"column":5}},"8":{"start":{"line":12,"column":23},"end":{"line":15,"column":9}},"9":{"start":{"line":16,"column":8},"end":{"line":16,"column":45}},"10":{"start":{"line":18,"column":8},"end":{"line":20,"column":9}},"11":{"start":{"line":19,"column":12},"end":{"line":19,"column":75}},"12":{"start":{"line":21,"column":8},"end":{"line":21,"column":53}},"13":{"start":{"line":26,"column":0},"end":{"line":33,"column":3}},"14":{"start":{"line":27,"column":4},"end":{"line":32,"column":5}},"15":{"start":{"line":28,"column":23},"end":{"line":28,"column":63}},"16":{"start":{"line":29,"column":8},"end":{"line":29,"column":30}},"17":{"start":{"line":31,"column":8},"end":{"line":31,"column":53}},"18":{"start":{"line":36,"column":0},"end":{"line":46,"column":3}},"19":{"start":{"line":37,"column":4},"end":{"line":45,"column":5}},"20":{"start":{"line":38,"column":23},"end":{"line":38,"column":94}},"21":{"start":{"line":39,"column":8},"end":{"line":41,"column":9}},"22":{"start":{"line":40,"column":12},"end":{"line":40,"column":72}},"23":{"start":{"line":42,"column":8},"end":{"line":42,"column":33}},"24":{"start":{"line":44,"column":8},"end":{"line":44,"column":53}},"25":{"start":{"line":49,"column":0},"end":{"line":66,"column":3}},"26":{"start":{"line":50,"column":28},"end":{"line":50,"column":36}},"27":{"start":{"line":51,"column":4},"end":{"line":53,"column":5}},"28":{"start":{"line":52,"column":8},"end":{"line":52,"column":78}},"29":{"start":{"line":54,"column":4},"end":{"line":65,"column":5}},"30":{"start":{"line":55,"column":23},"end":{"line":58,"column":9}},"31":{"start":{"line":59,"column":8},"end":{"line":61,"column":9}},"32":{"start":{"line":60,"column":12},"end":{"line":60,"column":72}},"33":{"start":{"line":62,"column":8},"end":{"line":62,"column":33}},"34":{"start":{"line":64,"column":8},"end":{"line":64,"column":53}},"35":{"start":{"line":69,"column":0},"end":{"line":79,"column":3}},"36":{"start":{"line":70,"column":4},"end":{"line":78,"column":5}},"37":{"start":{"line":71,"column":23},"end":{"line":71,"column":104}},"38":{"start":{"line":72,"column":8},"end":{"line":74,"column":9}},"39":{"start":{"line":73,"column":12},"end":{"line":73,"column":72}},"40":{"start":{"line":75,"column":8},"end":{"line":75,"column":62}},"41":{"start":{"line":77,"column":8},"end":{"line":77,"column":53}},"42":{"start":{"line":81,"column":0},"end":{"line":81,"column":24}}},"fnMap":{"0":{"name":"(anonymous_0)","decl":{"start":{"line":6,"column":17},"end":{"line":6,"column":18}},"loc":{"start":{"line":6,"column":37},"end":{"line":23,"column":1}},"line":6},"1":{"name":"(anonymous_1)","decl":{"start":{"line":26,"column":16},"end":{"line":26,"column":17}},"loc":{"start":{"line":26,"column":36},"end":{"line":33,"column":1}},"line":26},"2":{"name":"(anonymous_2)","decl":{"start":{"line":36,"column":19},"end":{"line":36,"column":20}},"loc":{"start":{"line":36,"column":39},"end":{"line":46,"column":1}},"line":36},"3":{"name":"(anonymous_3)","decl":{"start":{"line":49,"column":19},"end":{"line":49,"column":20}},"loc":{"start":{"line":49,"column":39},"end":{"line":66,"column":1}},"line":49},"4":{"name":"(anonymous_4)","decl":{"start":{"line":69,"column":22},"end":{"line":69,"column":23}},"loc":{"start":{"line":69,"column":42},"end":{"line":79,"column":1}},"line":69}},"branchMap":{"0":{"loc":{"start":{"line":8,"column":4},"end":{"line":10,"column":5}},"type":"if","locations":[{"start":{"line":8,"column":4},"end":{"line":10,"column":5}},{"start":{},"end":{}}],"line":8},"1":{"loc":{"start":{"line":8,"column":8},"end":{"line":8,"column":23}},"type":"binary-expr","locations":[{"start":{"line":8,"column":8},"end":{"line":8,"column":13}},{"start":{"line":8,"column":17},"end":{"line":8,"column":23}}],"line":8},"2":{"loc":{"start":{"line":18,"column":8},"end":{"line":20,"column":9}},"type":"if","locations":[{"start":{"line":18,"column":8},"end":{"line":20,"column":9}},{"start":{},"end":{}}],"line":18},"3":{"loc":{"start":{"line":39,"column":8},"end":{"line":41,"column":9}},"type":"if","locations":[{"start":{"line":39,"column":8},"end":{"line":41,"column":9}},{"start":{},"end":{}}],"line":39},"4":{"loc":{"start":{"line":51,"column":4},"end":{"line":53,"column":5}},"type":"if","locations":[{"start":{"line":51,"column":4},"end":{"line":53,"column":5}},{"start":{},"end":{}}],"line":51},"5":{"loc":{"start":{"line":51,"column":8},"end":{"line":51,"column":23}},"type":"binary-expr","locations":[{"start":{"line":51,"column":8},"end":{"line":51,"column":13}},{"start":{"line":51,"column":17},"end":{"line":51,"column":23}}],"line":51},"6":{"loc":{"start":{"line":59,"column":8},"end":{"line":61,"column":9}},"type":"if","locations":[{"start":{"line":59,"column":8},"end":{"line":61,"column":9}},{"start":{},"end":{}}],"line":59},"7":{"loc":{"start":{"line":72,"column":8},"end":{"line":74,"column":9}},"type":"if","locations":[{"start":{"line":72,"column":8},"end":{"line":74,"column":9}},{"start":{},"end":{}}],"line":72}},"s":{"0":1,"1":1,"2":1,"3":1,"4":3,"5":3,"6":1,"7":2,"8":2,"9":1,"10":1,"11":1,"12":0,"13":1,"14":1,"15":1,"16":1,"17":0,"18":1,"19":1,"20":1,"21":1,"22":1,"23":0,"24":0,"25":1,"26":1,"27":1,"28":0,"29":1,"30":1,"31":1,"32":0,"33":1,"34":0,"35":1,"36":1,"37":1,"38":1,"39":0,"40":1,"41":0,"42":1},"f":{"0":3,"1":1,"2":1,"3":1,"4":1},"b":{"0":[1,2],"1":[3,3],"2":[1,0],"3":[1,0],"4":[0,1],"5":[1,1],"6":[0,1],"7":[0,1]},"_coverageSchema":"1a1c01bbd47fc00a2c39e90264f33305004495a9","hash":"6773583bdcaf27eb96611270ae6e370b98facb83"}
}
