TN:
SF:src\assignment2\app.js
FN:9,(anonymous_0)
FN:18,(anonymous_1)
FN:25,(anonymous_2)
FNF:3
FNH:0
FNDA:0,(anonymous_0)
FNDA:0,(anonymous_1)
FNDA:0,(anonymous_2)
DA:1,1
DA:2,1
DA:3,1
DA:4,1
DA:5,1
DA:7,1
DA:9,1
DA:10,0
DA:13,1
DA:14,1
DA:15,1
DA:18,1
DA:19,0
DA:20,0
DA:23,1
DA:24,1
DA:25,0
DA:26,0
DA:30,1
LF:19
LH:14
BRDA:23,0,0,1
BRDA:23,0,1,1
BRDA:24,1,0,0
BRDA:24,1,1,1
BRF:4
BRH:3
end_of_record
TN:
SF:src\assignment2\db.js
FN:13,(anonymous_0)
FNF:1
FNH:0
FNDA:0,(anonymous_0)
DA:1,1
DA:2,1
DA:4,1
DA:12,1
DA:13,0
LF:5
LH:4
BRDA:5,0,0,1
BRDA:5,0,1,0
BRDA:6,1,0,1
BRDA:6,1,1,0
BRDA:7,2,0,1
BRDA:7,2,1,0
BRDA:8,3,0,1
BRDA:8,3,1,0
BRDA:9,4,0,1
BRDA:9,4,1,0
BRF:10
BRH:5
end_of_record
TN:
SF:src\assignment2\routes\courses.js
FN:6,(anonymous_0)
FN:26,(anonymous_1)
FN:36,(anonymous_2)
FN:49,(anonymous_3)
FN:72,(anonymous_4)
FNF:5
FNH:5
FNDA:4,(anonymous_0)
FNDA:1,(anonymous_1)
FNDA:2,(anonymous_2)
FNDA:1,(anonymous_3)
FNDA:1,(anonymous_4)
DA:1,1
DA:2,1
DA:3,1
DA:6,1
DA:7,4
DA:8,4
DA:9,2
DA:11,2
DA:12,1
DA:14,1
DA:15,1
DA:19,1
DA:21,0
DA:26,1
DA:27,1
DA:28,1
DA:29,1
DA:31,0
DA:36,1
DA:37,2
DA:38,2
DA:39,2
DA:40,1
DA:42,1
DA:44,0
DA:49,1
DA:50,1
DA:51,1
DA:52,0
DA:54,1
DA:55,0
DA:57,1
DA:58,1
DA:62,1
DA:63,0
DA:65,1
DA:67,0
DA:72,1
DA:73,1
DA:74,1
DA:75,1
DA:76,0
DA:78,1
DA:80,0
DA:84,1
LF:45
LH:36
BRDA:8,0,0,2
BRDA:8,0,1,2
BRDA:8,1,0,4
BRDA:8,1,1,3
BRDA:8,1,2,3
BRDA:11,2,0,1
BRDA:11,2,1,1
BRDA:39,3,0,1
BRDA:39,3,1,1
BRDA:51,4,0,0
BRDA:51,4,1,1
BRDA:51,5,0,1
BRDA:51,5,1,1
BRDA:51,5,2,1
BRDA:54,6,0,0
BRDA:54,6,1,1
BRDA:62,7,0,0
BRDA:62,7,1,1
BRDA:75,8,0,0
BRDA:75,8,1,1
BRF:20
BRH:16
end_of_record
TN:
SF:src\assignment2\routes\enrollments.js
FN:6,(anonymous_0)
FN:29,(anonymous_1)
FN:60,(anonymous_2)
FN:86,(anonymous_3)
FNF:4
FNH:4
FNDA:2,(anonymous_0)
FNDA:2,(anonymous_1)
FNDA:2,(anonymous_2)
FNDA:1,(anonymous_3)
DA:1,1
DA:2,1
DA:3,1
DA:6,1
DA:7,2
DA:8,2
DA:9,0
DA:11,2
DA:12,2
DA:16,1
DA:18,1
DA:19,0
DA:21,1
DA:22,1
DA:24,0
DA:29,1
DA:30,2
DA:32,2
DA:33,2
DA:34,6
DA:35,1
DA:39,1
DA:40,1
DA:50,1
DA:51,0
DA:53,1
DA:55,0
DA:60,1
DA:61,2
DA:62,2
DA:63,2
DA:64,0
DA:67,2
DA:68,2
DA:69,2
DA:70,2
DA:71,2
DA:72,2
DA:74,2
DA:76,2
DA:81,0
DA:86,1
DA:87,1
DA:88,1
DA:95,1
DA:97,0
DA:101,1
LF:47
LH:39
BRDA:8,0,0,0
BRDA:8,0,1,2
BRDA:8,1,0,2
BRDA:8,1,1,2
BRDA:18,2,0,0
BRDA:18,2,1,1
BRDA:21,3,0,1
BRDA:21,3,1,0
BRDA:34,4,0,1
BRDA:34,4,1,5
BRDA:34,5,0,6
BRDA:34,5,1,6
BRDA:34,5,2,6
BRDA:50,6,0,0
BRDA:50,6,1,1
BRDA:63,7,0,0
BRDA:63,7,1,2
BRDA:68,8,0,2
BRDA:68,8,1,0
BRDA:69,9,0,2
BRDA:69,9,1,0
BRDA:70,10,0,2
BRDA:70,10,1,0
BRDA:71,11,0,2
BRDA:71,11,1,0
BRDA:72,12,0,2
BRDA:72,12,1,0
BRF:27
BRH:17
end_of_record
TN:
SF:src\assignment2\routes\students.js
FN:6,(anonymous_0)
FN:26,(anonymous_1)
FN:36,(anonymous_2)
FN:49,(anonymous_3)
FN:69,(anonymous_4)
FNF:5
FNH:5
FNDA:3,(anonymous_0)
FNDA:1,(anonymous_1)
FNDA:1,(anonymous_2)
FNDA:1,(anonymous_3)
FNDA:1,(anonymous_4)
DA:1,1
DA:2,1
DA:3,1
DA:6,1
DA:7,3
DA:8,3
DA:9,1
DA:11,2
DA:12,2
DA:16,1
DA:18,1
DA:19,1
DA:21,0
DA:26,1
DA:27,1
DA:28,1
DA:29,1
DA:31,0
DA:36,1
DA:37,1
DA:38,1
DA:39,1
DA:40,1
DA:42,0
DA:44,0
DA:49,1
DA:50,1
DA:51,1
DA:52,0
DA:54,1
DA:55,1
DA:59,1
DA:60,0
DA:62,1
DA:64,0
DA:69,1
DA:70,1
DA:71,1
DA:72,1
DA:73,0
DA:75,1
DA:77,0
DA:81,1
LF:43
LH:34
BRDA:8,0,0,1
BRDA:8,0,1,2
BRDA:8,1,0,3
BRDA:8,1,1,3
BRDA:18,2,0,1
BRDA:18,2,1,0
BRDA:39,3,0,1
BRDA:39,3,1,0
BRDA:51,4,0,0
BRDA:51,4,1,1
BRDA:51,5,0,1
BRDA:51,5,1,1
BRDA:59,6,0,0
BRDA:59,6,1,1
BRDA:72,7,0,0
BRDA:72,7,1,1
BRF:16
BRH:11
end_of_record
